<?xml version="1.0" encoding="UTF-8"?>
<coverage generated="1768033621811" clover="3.2.0">
  <project timestamp="1768033621811" name="All files">
    <metrics statements="184" coveredstatements="83" conditionals="96" coveredconditionals="55" methods="45" coveredmethods="24" elements="325" coveredelements="162" complexity="0" loc="184" ncloc="184" packages="4" files="7" classes="7"/>
    <package name="components.Toast">
      <metrics statements="14" coveredstatements="14" conditionals="8" coveredconditionals="8" methods="11" coveredmethods="11"/>
      <file name="toastStore.ts" path="/Users/alitpurnama/Projects/Kuliah/RPL/Portal-Berita-PBD/src/lib/components/Toast/toastStore.ts">
        <metrics statements="14" coveredstatements="14" conditionals="8" coveredconditionals="8" methods="11" coveredmethods="11"/>
        <line num="13" count="1" type="stmt"/>
        <line num="14" count="1" type="stmt"/>
        <line num="15" count="1" type="stmt"/>
        <line num="17" count="1" type="stmt"/>
        <line num="20" count="2263" type="stmt"/>
        <line num="21" count="2263" type="stmt"/>
        <line num="22" count="2263" type="stmt"/>
        <line num="25" count="1007524" type="stmt"/>
        <line num="30" count="1" type="stmt"/>
        <line num="34" count="9" type="stmt"/>
        <line num="38" count="7" type="stmt"/>
        <line num="42" count="10" type="stmt"/>
        <line num="46" count="4" type="stmt"/>
        <line num="50" count="7" type="stmt"/>
      </file>
    </package>
    <package name="server">
      <metrics statements="122" coveredstatements="25" conditionals="50" coveredconditionals="10" methods="22" coveredmethods="5"/>
      <file name="auth.ts" path="/Users/alitpurnama/Projects/Kuliah/RPL/Portal-Berita-PBD/src/lib/server/auth.ts">
        <metrics statements="65" coveredstatements="13" conditionals="20" coveredconditionals="4" methods="15" coveredmethods="3"/>
        <line num="9" count="1" type="stmt"/>
        <line num="11" count="1" type="stmt"/>
        <line num="14" count="12203" type="stmt"/>
        <line num="15" count="12203" type="stmt"/>
        <line num="16" count="12203" type="stmt"/>
        <line num="20" count="0" type="stmt"/>
        <line num="21" count="0" type="stmt"/>
        <line num="26" count="0" type="stmt"/>
        <line num="27" count="0" type="stmt"/>
        <line num="31" count="198" type="stmt"/>
        <line num="32" count="198" type="stmt"/>
        <line num="33" count="198" type="stmt"/>
        <line num="34" count="198" type="stmt"/>
        <line num="38" count="185" type="stmt"/>
        <line num="39" count="185" type="cond" truecount="4" falsecount="0"/>
        <line num="40" count="179" type="stmt"/>
        <line num="41" count="179" type="stmt"/>
        <line num="45" count="0" type="stmt"/>
        <line num="46" count="0" type="stmt"/>
        <line num="49" count="0" type="stmt"/>
        <line num="50" count="0" type="stmt"/>
        <line num="52" count="0" type="stmt"/>
        <line num="62" count="0" type="stmt"/>
        <line num="63" count="0" type="stmt"/>
        <line num="68" count="0" type="stmt"/>
        <line num="70" count="0" type="stmt"/>
        <line num="75" count="0" type="stmt"/>
        <line num="79" count="0" type="stmt"/>
        <line num="84" count="0" type="stmt"/>
        <line num="89" count="0" type="stmt"/>
        <line num="90" count="0" type="cond" truecount="0" falsecount="2"/>
        <line num="91" count="0" type="stmt"/>
        <line num="93" count="0" type="stmt"/>
        <line num="97" count="0" type="stmt"/>
        <line num="98" count="0" type="stmt"/>
        <line num="108" count="0" type="cond" truecount="0" falsecount="2"/>
        <line num="109" count="0" type="stmt"/>
        <line num="111" count="0" type="stmt"/>
        <line num="113" count="0" type="stmt"/>
        <line num="114" count="0" type="cond" truecount="0" falsecount="2"/>
        <line num="115" count="0" type="stmt"/>
        <line num="116" count="0" type="stmt"/>
        <line num="119" count="0" type="stmt"/>
        <line num="120" count="0" type="cond" truecount="0" falsecount="2"/>
        <line num="121" count="0" type="stmt"/>
        <line num="122" count="0" type="stmt"/>
        <line num="128" count="0" type="stmt"/>
        <line num="134" count="0" type="stmt"/>
        <line num="138" count="0" type="stmt"/>
        <line num="145" count="0" type="stmt"/>
        <line num="151" count="0" type="stmt"/>
        <line num="152" count="0" type="cond" truecount="0" falsecount="2"/>
        <line num="153" count="0" type="cond" truecount="0" falsecount="2"/>
        <line num="154" count="0" type="cond" truecount="0" falsecount="2"/>
        <line num="155" count="0" type="cond" truecount="0" falsecount="2"/>
        <line num="157" count="0" type="stmt"/>
        <line num="161" count="0" type="stmt"/>
        <line num="162" count="0" type="stmt"/>
        <line num="168" count="0" type="stmt"/>
        <line num="171" count="0" type="stmt"/>
        <line num="176" count="0" type="stmt"/>
        <line num="177" count="0" type="stmt"/>
        <line num="181" count="0" type="stmt"/>
        <line num="184" count="0" type="stmt"/>
        <line num="187" count="0" type="stmt"/>
      </file>
      <file name="image-utils.ts" path="/Users/alitpurnama/Projects/Kuliah/RPL/Portal-Berita-PBD/src/lib/server/image-utils.ts">
        <metrics statements="57" coveredstatements="12" conditionals="30" coveredconditionals="6" methods="7" coveredmethods="2"/>
        <line num="8" count="1" type="stmt"/>
        <line num="9" count="1" type="stmt"/>
        <line num="10" count="1" type="stmt"/>
        <line num="24" count="0" type="stmt"/>
        <line num="25" count="0" type="cond" truecount="0" falsecount="2"/>
        <line num="26" count="0" type="stmt"/>
        <line num="28" count="0" type="stmt"/>
        <line num="35" count="146" type="cond" truecount="2" falsecount="0"/>
        <line num="36" count="146" type="stmt"/>
        <line num="37" count="146" type="stmt"/>
        <line num="38" count="146" type="stmt"/>
        <line num="45" count="57" type="cond" truecount="2" falsecount="0"/>
        <line num="46" count="11" type="stmt"/>
        <line num="49" count="46" type="cond" truecount="2" falsecount="0"/>
        <line num="50" count="25" type="stmt"/>
        <line num="53" count="21" type="stmt"/>
        <line num="66" count="0" type="stmt"/>
        <line num="67" count="0" type="cond" truecount="0" falsecount="4"/>
        <line num="69" count="0" type="stmt"/>
        <line num="72" count="0" type="stmt"/>
        <line num="75" count="0" type="cond" truecount="0" falsecount="2"/>
        <line num="76" count="0" type="stmt"/>
        <line num="77" count="0" type="cond" truecount="0" falsecount="2"/>
        <line num="78" count="0" type="stmt"/>
        <line num="79" count="0" type="cond" truecount="0" falsecount="2"/>
        <line num="80" count="0" type="stmt"/>
        <line num="83" count="0" type="stmt"/>
        <line num="95" count="0" type="cond" truecount="0" falsecount="4"/>
        <line num="97" count="0" type="stmt"/>
        <line num="104" count="0" type="cond" truecount="0" falsecount="2"/>
        <line num="105" count="0" type="stmt"/>
        <line num="106" count="0" type="cond" truecount="0" falsecount="2"/>
        <line num="107" count="0" type="stmt"/>
        <line num="108" count="0" type="cond" truecount="0" falsecount="2"/>
        <line num="109" count="0" type="stmt"/>
        <line num="112" count="0" type="stmt"/>
        <line num="120" count="0" type="stmt"/>
        <line num="121" count="0" type="cond" truecount="0" falsecount="2"/>
        <line num="122" count="0" type="stmt"/>
        <line num="126" count="0" type="stmt"/>
        <line num="129" count="0" type="stmt"/>
        <line num="130" count="0" type="stmt"/>
        <line num="133" count="0" type="stmt"/>
        <line num="134" count="0" type="stmt"/>
        <line num="135" count="0" type="stmt"/>
        <line num="138" count="0" type="stmt"/>
        <line num="142" count="0" type="stmt"/>
        <line num="143" count="0" type="stmt"/>
        <line num="146" count="0" type="stmt"/>
        <line num="150" count="0" type="stmt"/>
        <line num="151" count="0" type="stmt"/>
        <line num="154" count="0" type="stmt"/>
        <line num="158" count="0" type="stmt"/>
        <line num="159" count="0" type="stmt"/>
        <line num="162" count="0" type="stmt"/>
        <line num="174" count="0" type="stmt"/>
        <line num="175" count="0" type="stmt"/>
      </file>
    </package>
    <package name="server.db">
      <metrics statements="11" coveredstatements="7" conditionals="2" coveredconditionals="1" methods="4" coveredmethods="0"/>
      <file name="index.ts" path="/Users/alitpurnama/Projects/Kuliah/RPL/Portal-Berita-PBD/src/lib/server/db/index.ts">
        <metrics statements="3" coveredstatements="3" conditionals="2" coveredconditionals="1" methods="0" coveredmethods="0"/>
        <line num="6" count="1" type="cond" truecount="1" falsecount="1"/>
        <line num="8" count="1" type="stmt"/>
        <line num="10" count="1" type="stmt"/>
      </file>
      <file name="schema.ts" path="/Users/alitpurnama/Projects/Kuliah/RPL/Portal-Berita-PBD/src/lib/server/db/schema.ts">
        <metrics statements="8" coveredstatements="4" conditionals="0" coveredconditionals="0" methods="4" coveredmethods="0"/>
        <line num="3" count="1" type="stmt"/>
        <line num="14" count="1" type="stmt"/>
        <line num="18" count="0" type="stmt"/>
        <line num="22" count="1" type="stmt"/>
        <line num="32" count="0" type="stmt"/>
        <line num="39" count="1" type="stmt"/>
        <line num="43" count="0" type="stmt"/>
        <line num="46" count="0" type="stmt"/>
      </file>
    </package>
    <package name="utils">
      <metrics statements="37" coveredstatements="37" conditionals="36" coveredconditionals="36" methods="8" coveredmethods="8"/>
      <file name="slug.ts" path="/Users/alitpurnama/Projects/Kuliah/RPL/Portal-Berita-PBD/src/lib/utils/slug.ts">
        <metrics statements="1" coveredstatements="1" conditionals="0" coveredconditionals="0" methods="1" coveredmethods="1"/>
        <line num="5" count="193" type="stmt"/>
      </file>
      <file name="validation.ts" path="/Users/alitpurnama/Projects/Kuliah/RPL/Portal-Berita-PBD/src/lib/utils/validation.ts">
        <metrics statements="36" coveredstatements="36" conditionals="36" coveredconditionals="36" methods="7" coveredmethods="7"/>
        <line num="10" count="1" type="stmt"/>
        <line num="11" count="1" type="stmt"/>
        <line num="12" count="1" type="stmt"/>
        <line num="27" count="35" type="cond" truecount="4" falsecount="0"/>
        <line num="28" count="5" type="stmt"/>
        <line num="30" count="30" type="cond" truecount="2" falsecount="0"/>
        <line num="31" count="8" type="stmt"/>
        <line num="33" count="22" type="stmt"/>
        <line num="40" count="38" type="cond" truecount="4" falsecount="0"/>
        <line num="41" count="4" type="stmt"/>
        <line num="43" count="34" type="cond" truecount="2" falsecount="0"/>
        <line num="44" count="13" type="stmt"/>
        <line num="49" count="21" type="stmt"/>
        <line num="56" count="24" type="cond" truecount="2" falsecount="0"/>
        <line num="57" count="3" type="stmt"/>
        <line num="59" count="21" type="cond" truecount="2" falsecount="0"/>
        <line num="60" count="6" type="stmt"/>
        <line num="62" count="15" type="stmt"/>
        <line num="69" count="19" type="cond" truecount="4" falsecount="0"/>
        <line num="70" count="3" type="stmt"/>
        <line num="72" count="16" type="cond" truecount="2" falsecount="0"/>
        <line num="73" count="5" type="stmt"/>
        <line num="75" count="11" type="stmt"/>
        <line num="82" count="20" type="cond" truecount="4" falsecount="0"/>
        <line num="83" count="4" type="stmt"/>
        <line num="85" count="16" type="cond" truecount="2" falsecount="0"/>
        <line num="86" count="5" type="stmt"/>
        <line num="88" count="11" type="stmt"/>
        <line num="95" count="26" type="cond" truecount="4" falsecount="0"/>
        <line num="96" count="4" type="stmt"/>
        <line num="98" count="22" type="cond" truecount="2" falsecount="0"/>
        <line num="99" count="8" type="stmt"/>
        <line num="101" count="14" type="stmt"/>
        <line num="108" count="21" type="cond" truecount="2" falsecount="0"/>
        <line num="109" count="10" type="stmt"/>
        <line num="111" count="11" type="stmt"/>
      </file>
    </package>
  </project>
</coverage>
