{"/Users/alitpurnama/Projects/Kuliah/RPL/Portal-Berita-PBD/src/lib/components/Toast/toastStore.ts": {"path":"/Users/alitpurnama/Projects/Kuliah/RPL/Portal-Berita-PBD/src/lib/components/Toast/toastStore.ts","statementMap":{"0":{"start":{"line":13,"column":25},"end":{"line":28,"column":null}},"1":{"start":{"line":14,"column":27},"end":{"line":14,"column":null}},"2":{"start":{"line":15,"column":14},"end":{"line":15,"column":null}},"3":{"start":{"line":17,"column":1},"end":{"line":27,"column":null}},"4":{"start":{"line":20,"column":9},"end":{"line":20,"column":null}},"5":{"start":{"line":21,"column":3},"end":{"line":21,"column":null}},"6":{"start":{"line":21,"column":22},"end":{"line":21,"column":66}},"7":{"start":{"line":22,"column":3},"end":{"line":22,"column":null}},"8":{"start":{"line":25,"column":3},"end":{"line":25,"column":null}},"9":{"start":{"line":25,"column":22},"end":{"line":25,"column":55}},"10":{"start":{"line":25,"column":43},"end":{"line":25,"column":54}},"11":{"start":{"line":30,"column":26},"end":{"line":30,"column":null}},"12":{"start":{"line":34,"column":1},"end":{"line":34,"column":null}},"13":{"start":{"line":38,"column":1},"end":{"line":38,"column":null}},"14":{"start":{"line":42,"column":1},"end":{"line":42,"column":null}},"15":{"start":{"line":46,"column":1},"end":{"line":46,"column":null}},"16":{"start":{"line":50,"column":1},"end":{"line":50,"column":null}}},"fnMap":{"0":{"name":"(anonymous_0)","decl":{"start":{"line":13,"column":25},"end":{"line":13,"column":31}},"loc":{"start":{"line":13,"column":31},"end":{"line":28,"column":null}},"line":13},"1":{"name":"(anonymous_1)","decl":{"start":{"line":19,"column":7},"end":{"line":19,"column":8}},"loc":{"start":{"line":19,"column":71},"end":{"line":23,"column":null}},"line":19},"2":{"name":"(anonymous_2)","decl":{"start":{"line":21,"column":10},"end":{"line":21,"column":11}},"loc":{"start":{"line":21,"column":22},"end":{"line":21,"column":66}},"line":21},"3":{"name":"(anonymous_3)","decl":{"start":{"line":24,"column":10},"end":{"line":24,"column":11}},"loc":{"start":{"line":24,"column":26},"end":{"line":26,"column":null}},"line":24},"4":{"name":"(anonymous_4)","decl":{"start":{"line":25,"column":10},"end":{"line":25,"column":11}},"loc":{"start":{"line":25,"column":22},"end":{"line":25,"column":55}},"line":25},"5":{"name":"(anonymous_5)","decl":{"start":{"line":25,"column":36},"end":{"line":25,"column":37}},"loc":{"start":{"line":25,"column":43},"end":{"line":25,"column":54}},"line":25},"6":{"name":"showNotification","decl":{"start":{"line":33,"column":16},"end":{"line":33,"column":33}},"loc":{"start":{"line":33,"column":93},"end":{"line":35,"column":null}},"line":33},"7":{"name":"showSuccess","decl":{"start":{"line":37,"column":16},"end":{"line":37,"column":28}},"loc":{"start":{"line":37,"column":62},"end":{"line":39,"column":null}},"line":37},"8":{"name":"showError","decl":{"start":{"line":41,"column":16},"end":{"line":41,"column":26}},"loc":{"start":{"line":41,"column":60},"end":{"line":43,"column":null}},"line":41},"9":{"name":"showWarning","decl":{"start":{"line":45,"column":16},"end":{"line":45,"column":28}},"loc":{"start":{"line":45,"column":62},"end":{"line":47,"column":null}},"line":45},"10":{"name":"showInfo","decl":{"start":{"line":49,"column":16},"end":{"line":49,"column":25}},"loc":{"start":{"line":49,"column":59},"end":{"line":51,"column":null}},"line":49}},"branchMap":{"0":{"loc":{"start":{"line":19,"column":25},"end":{"line":19,"column":51}},"type":"default-arg","locations":[{"start":{"line":19,"column":43},"end":{"line":19,"column":51}}],"line":19},"1":{"loc":{"start":{"line":19,"column":51},"end":{"line":19,"column":71}},"type":"default-arg","locations":[{"start":{"line":19,"column":62},"end":{"line":19,"column":71}}],"line":19},"2":{"loc":{"start":{"line":33,"column":50},"end":{"line":33,"column":76}},"type":"default-arg","locations":[{"start":{"line":33,"column":68},"end":{"line":33,"column":76}}],"line":33},"3":{"loc":{"start":{"line":33,"column":76},"end":{"line":33,"column":93}},"type":"default-arg","locations":[{"start":{"line":33,"column":87},"end":{"line":33,"column":93}}],"line":33},"4":{"loc":{"start":{"line":37,"column":45},"end":{"line":37,"column":62}},"type":"default-arg","locations":[{"start":{"line":37,"column":56},"end":{"line":37,"column":62}}],"line":37},"5":{"loc":{"start":{"line":41,"column":43},"end":{"line":41,"column":60}},"type":"default-arg","locations":[{"start":{"line":41,"column":54},"end":{"line":41,"column":60}}],"line":41},"6":{"loc":{"start":{"line":45,"column":45},"end":{"line":45,"column":62}},"type":"default-arg","locations":[{"start":{"line":45,"column":56},"end":{"line":45,"column":62}}],"line":45},"7":{"loc":{"start":{"line":49,"column":42},"end":{"line":49,"column":59}},"type":"default-arg","locations":[{"start":{"line":49,"column":53},"end":{"line":49,"column":59}}],"line":49}},"s":{"0":1,"1":1,"2":1,"3":1,"4":2263,"5":2263,"6":2263,"7":2263,"8":2269,"9":2269,"10":1007524,"11":1,"12":9,"13":7,"14":10,"15":4,"16":7},"f":{"0":1,"1":2263,"2":2263,"3":2269,"4":2269,"5":1007524,"6":9,"7":7,"8":10,"9":4,"10":7},"b":{"0":[2263],"1":[2263],"2":[9],"3":[9],"4":[7],"5":[10],"6":[4],"7":[7]},"meta":{"lastBranch":8,"lastFunction":11,"lastStatement":17,"seen":{"s:13:25:28:Infinity":0,"f:13:25:13:31":0,"s:14:27:14:Infinity":1,"s:15:14:15:Infinity":2,"s:17:1:27:Infinity":3,"f:19:7:19:8":1,"b:19:43:19:51":0,"b:19:62:19:71":1,"s:20:9:20:Infinity":4,"s:21:3:21:Infinity":5,"f:21:10:21:11":2,"s:21:22:21:66":6,"s:22:3:22:Infinity":7,"f:24:10:24:11":3,"s:25:3:25:Infinity":8,"f:25:10:25:11":4,"s:25:22:25:55":9,"f:25:36:25:37":5,"s:25:43:25:54":10,"s:30:26:30:Infinity":11,"f:33:16:33:33":6,"b:33:68:33:76":2,"b:33:87:33:93":3,"s:34:1:34:Infinity":12,"f:37:16:37:28":7,"b:37:56:37:62":4,"s:38:1:38:Infinity":13,"f:41:16:41:26":8,"b:41:54:41:60":5,"s:42:1:42:Infinity":14,"f:45:16:45:28":9,"b:45:56:45:62":6,"s:46:1:46:Infinity":15,"f:49:16:49:25":10,"b:49:53:49:59":7,"s:50:1:50:Infinity":16}}}
,"/Users/alitpurnama/Projects/Kuliah/RPL/Portal-Berita-PBD/src/lib/server/auth.ts": {"path":"/Users/alitpurnama/Projects/Kuliah/RPL/Portal-Berita-PBD/src/lib/server/auth.ts","statementMap":{"0":{"start":{"line":9,"column":18},"end":{"line":9,"column":null}},"1":{"start":{"line":11,"column":33},"end":{"line":11,"column":null}},"2":{"start":{"line":14,"column":15},"end":{"line":14,"column":null}},"3":{"start":{"line":15,"column":7},"end":{"line":15,"column":null}},"4":{"start":{"line":16,"column":1},"end":{"line":16,"column":null}},"5":{"start":{"line":20,"column":7},"end":{"line":20,"column":null}},"6":{"start":{"line":21,"column":32},"end":{"line":25,"column":null}},"7":{"start":{"line":26,"column":1},"end":{"line":26,"column":null}},"8":{"start":{"line":27,"column":1},"end":{"line":27,"column":null}},"9":{"start":{"line":31,"column":7},"end":{"line":31,"column":null}},"10":{"start":{"line":32,"column":7},"end":{"line":32,"column":null}},"11":{"start":{"line":33,"column":14},"end":{"line":33,"column":null}},"12":{"start":{"line":34,"column":1},"end":{"line":34,"column":null}},"13":{"start":{"line":38,"column":28},"end":{"line":38,"column":null}},"14":{"start":{"line":39,"column":1},"end":{"line":39,"column":null}},"15":{"start":{"line":39,"column":27},"end":{"line":39,"column":null}},"16":{"start":{"line":40,"column":14},"end":{"line":40,"column":null}},"17":{"start":{"line":41,"column":1},"end":{"line":41,"column":null}},"18":{"start":{"line":45,"column":7},"end":{"line":45,"column":null}},"19":{"start":{"line":46,"column":22},"end":{"line":46,"column":null}},"20":{"start":{"line":49,"column":25},"end":{"line":49,"column":null}},"21":{"start":{"line":50,"column":28},"end":{"line":50,"column":null}},"22":{"start":{"line":52,"column":29},"end":{"line":60,"column":null}},"23":{"start":{"line":62,"column":1},"end":{"line":62,"column":null}},"24":{"start":{"line":63,"column":1},"end":{"line":63,"column":null}},"25":{"start":{"line":68,"column":25},"end":{"line":68,"column":null}},"26":{"start":{"line":70,"column":16},"end":{"line":74,"column":null}},"27":{"start":{"line":75,"column":1},"end":{"line":75,"column":null}},"28":{"start":{"line":79,"column":16},"end":{"line":83,"column":null}},"29":{"start":{"line":84,"column":1},"end":{"line":84,"column":null}},"30":{"start":{"line":89,"column":21},"end":{"line":89,"column":null}},"31":{"start":{"line":90,"column":1},"end":{"line":92,"column":null}},"32":{"start":{"line":91,"column":2},"end":{"line":91,"column":null}},"33":{"start":{"line":93,"column":1},"end":{"line":93,"column":null}},"34":{"start":{"line":97,"column":7},"end":{"line":97,"column":null}},"35":{"start":{"line":98,"column":18},"end":{"line":106,"column":null}},"36":{"start":{"line":108,"column":1},"end":{"line":110,"column":null}},"37":{"start":{"line":109,"column":2},"end":{"line":109,"column":null}},"38":{"start":{"line":111,"column":27},"end":{"line":111,"column":null}},"39":{"start":{"line":113,"column":24},"end":{"line":113,"column":null}},"40":{"start":{"line":114,"column":1},"end":{"line":117,"column":null}},"41":{"start":{"line":115,"column":2},"end":{"line":115,"column":null}},"42":{"start":{"line":116,"column":2},"end":{"line":116,"column":null}},"43":{"start":{"line":119,"column":22},"end":{"line":119,"column":null}},"44":{"start":{"line":120,"column":1},"end":{"line":126,"column":null}},"45":{"start":{"line":121,"column":2},"end":{"line":121,"column":null}},"46":{"start":{"line":122,"column":2},"end":{"line":125,"column":null}},"47":{"start":{"line":128,"column":1},"end":{"line":128,"column":null}},"48":{"start":{"line":134,"column":1},"end":{"line":134,"column":null}},"49":{"start":{"line":138,"column":1},"end":{"line":141,"column":null}},"50":{"start":{"line":145,"column":1},"end":{"line":147,"column":null}},"51":{"start":{"line":151,"column":41},"end":{"line":151,"column":null}},"52":{"start":{"line":152,"column":1},"end":{"line":152,"column":null}},"53":{"start":{"line":152,"column":37},"end":{"line":152,"column":null}},"54":{"start":{"line":153,"column":1},"end":{"line":153,"column":null}},"55":{"start":{"line":153,"column":34},"end":{"line":153,"column":null}},"56":{"start":{"line":154,"column":1},"end":{"line":154,"column":null}},"57":{"start":{"line":154,"column":36},"end":{"line":154,"column":null}},"58":{"start":{"line":155,"column":1},"end":{"line":155,"column":null}},"59":{"start":{"line":155,"column":43},"end":{"line":155,"column":null}},"60":{"start":{"line":157,"column":1},"end":{"line":157,"column":null}},"61":{"start":{"line":161,"column":22},"end":{"line":161,"column":null}},"62":{"start":{"line":162,"column":1},"end":{"line":162,"column":null}},"63":{"start":{"line":168,"column":1},"end":{"line":168,"column":null}},"64":{"start":{"line":171,"column":22},"end":{"line":174,"column":null}},"65":{"start":{"line":176,"column":1},"end":{"line":178,"column":null}},"66":{"start":{"line":177,"column":2},"end":{"line":177,"column":null}},"67":{"start":{"line":181,"column":1},"end":{"line":181,"column":null}},"68":{"start":{"line":184,"column":1},"end":{"line":184,"column":null}},"69":{"start":{"line":187,"column":1},"end":{"line":187,"column":null}}},"fnMap":{"0":{"name":"generateSessionToken","decl":{"start":{"line":13,"column":16},"end":{"line":13,"column":39}},"loc":{"start":{"line":13,"column":39},"end":{"line":17,"column":null}},"line":13},"1":{"name":"createSession","decl":{"start":{"line":19,"column":22},"end":{"line":19,"column":36}},"loc":{"start":{"line":19,"column":67},"end":{"line":28,"column":null}},"line":19},"2":{"name":"hashPassword","decl":{"start":{"line":30,"column":22},"end":{"line":30,"column":35}},"loc":{"start":{"line":30,"column":70},"end":{"line":35,"column":null}},"line":30},"3":{"name":"verifyPassword","decl":{"start":{"line":37,"column":22},"end":{"line":37,"column":37}},"loc":{"start":{"line":37,"column":95},"end":{"line":42,"column":null}},"line":37},"4":{"name":"createUser","decl":{"start":{"line":44,"column":22},"end":{"line":44,"column":33}},"loc":{"start":{"line":44,"column":102},"end":{"line":64,"column":null}},"line":44},"5":{"name":"getUserByEmail","decl":{"start":{"line":66,"column":22},"end":{"line":66,"column":37}},"loc":{"start":{"line":66,"column":52},"end":{"line":76,"column":null}},"line":66},"6":{"name":"getUserByUsername","decl":{"start":{"line":78,"column":22},"end":{"line":78,"column":40}},"loc":{"start":{"line":78,"column":58},"end":{"line":85,"column":null}},"line":78},"7":{"name":"getUserByEmailOrUsername","decl":{"start":{"line":87,"column":22},"end":{"line":87,"column":47}},"loc":{"start":{"line":87,"column":67},"end":{"line":94,"column":null}},"line":87},"8":{"name":"validateSessionToken","decl":{"start":{"line":96,"column":22},"end":{"line":96,"column":43}},"loc":{"start":{"line":96,"column":58},"end":{"line":129,"column":null}},"line":96},"9":{"name":"invalidateSession","decl":{"start":{"line":133,"column":22},"end":{"line":133,"column":40}},"loc":{"start":{"line":133,"column":59},"end":{"line":135,"column":null}},"line":133},"10":{"name":"setSessionTokenCookie","decl":{"start":{"line":137,"column":16},"end":{"line":137,"column":38}},"loc":{"start":{"line":137,"column":91},"end":{"line":142,"column":null}},"line":137},"11":{"name":"deleteSessionTokenCookie","decl":{"start":{"line":144,"column":16},"end":{"line":144,"column":41}},"loc":{"start":{"line":144,"column":62},"end":{"line":148,"column":null}},"line":144},"12":{"name":"updateUser","decl":{"start":{"line":150,"column":22},"end":{"line":150,"column":33}},"loc":{"start":{"line":150,"column":154},"end":{"line":158,"column":null}},"line":150},"13":{"name":"updatePassword","decl":{"start":{"line":160,"column":22},"end":{"line":160,"column":37}},"loc":{"start":{"line":160,"column":74},"end":{"line":163,"column":null}},"line":160},"14":{"name":"deleteUser","decl":{"start":{"line":165,"column":22},"end":{"line":165,"column":33}},"loc":{"start":{"line":165,"column":49},"end":{"line":188,"column":null}},"line":165}},"branchMap":{"0":{"loc":{"start":{"line":39,"column":1},"end":{"line":39,"column":null}},"type":"if","locations":[{"start":{"line":39,"column":1},"end":{"line":39,"column":null}},{"start":{},"end":{}}],"line":39},"1":{"loc":{"start":{"line":39,"column":5},"end":{"line":39,"column":27}},"type":"binary-expr","locations":[{"start":{"line":39,"column":5},"end":{"line":39,"column":17}},{"start":{"line":39,"column":17},"end":{"line":39,"column":27}}],"line":39},"2":{"loc":{"start":{"line":90,"column":1},"end":{"line":92,"column":null}},"type":"if","locations":[{"start":{"line":90,"column":1},"end":{"line":92,"column":null}},{"start":{},"end":{}}],"line":90},"3":{"loc":{"start":{"line":108,"column":1},"end":{"line":110,"column":null}},"type":"if","locations":[{"start":{"line":108,"column":1},"end":{"line":110,"column":null}},{"start":{},"end":{}}],"line":108},"4":{"loc":{"start":{"line":114,"column":1},"end":{"line":117,"column":null}},"type":"if","locations":[{"start":{"line":114,"column":1},"end":{"line":117,"column":null}},{"start":{},"end":{}}],"line":114},"5":{"loc":{"start":{"line":120,"column":1},"end":{"line":126,"column":null}},"type":"if","locations":[{"start":{"line":120,"column":1},"end":{"line":126,"column":null}},{"start":{},"end":{}}],"line":120},"6":{"loc":{"start":{"line":152,"column":1},"end":{"line":152,"column":null}},"type":"if","locations":[{"start":{"line":152,"column":1},"end":{"line":152,"column":null}},{"start":{},"end":{}}],"line":152},"7":{"loc":{"start":{"line":153,"column":1},"end":{"line":153,"column":null}},"type":"if","locations":[{"start":{"line":153,"column":1},"end":{"line":153,"column":null}},{"start":{},"end":{}}],"line":153},"8":{"loc":{"start":{"line":154,"column":1},"end":{"line":154,"column":null}},"type":"if","locations":[{"start":{"line":154,"column":1},"end":{"line":154,"column":null}},{"start":{},"end":{}}],"line":154},"9":{"loc":{"start":{"line":155,"column":1},"end":{"line":155,"column":null}},"type":"if","locations":[{"start":{"line":155,"column":1},"end":{"line":155,"column":null}},{"start":{},"end":{}}],"line":155}},"s":{"0":1,"1":1,"2":12203,"3":12203,"4":12203,"5":0,"6":0,"7":0,"8":0,"9":198,"10":198,"11":198,"12":198,"13":185,"14":185,"15":6,"16":179,"17":179,"18":0,"19":0,"20":0,"21":0,"22":0,"23":0,"24":0,"25":0,"26":0,"27":0,"28":0,"29":0,"30":0,"31":0,"32":0,"33":0,"34":0,"35":0,"36":0,"37":0,"38":0,"39":0,"40":0,"41":0,"42":0,"43":0,"44":0,"45":0,"46":0,"47":0,"48":0,"49":0,"50":0,"51":0,"52":0,"53":0,"54":0,"55":0,"56":0,"57":0,"58":0,"59":0,"60":0,"61":0,"62":0,"63":0,"64":0,"65":0,"66":0,"67":0,"68":0,"69":0},"f":{"0":12203,"1":0,"2":198,"3":185,"4":0,"5":0,"6":0,"7":0,"8":0,"9":0,"10":0,"11":0,"12":0,"13":0,"14":0},"b":{"0":[6,179],"1":[185,182],"2":[0,0],"3":[0,0],"4":[0,0],"5":[0,0],"6":[0,0],"7":[0,0],"8":[0,0],"9":[0,0]},"meta":{"lastBranch":10,"lastFunction":15,"lastStatement":70,"seen":{"s:9:18:9:Infinity":0,"s:11:33:11:Infinity":1,"f:13:16:13:39":0,"s:14:15:14:Infinity":2,"s:15:7:15:Infinity":3,"s:16:1:16:Infinity":4,"f:19:22:19:36":1,"s:20:7:20:Infinity":5,"s:21:32:25:Infinity":6,"s:26:1:26:Infinity":7,"s:27:1:27:Infinity":8,"f:30:22:30:35":2,"s:31:7:31:Infinity":9,"s:32:7:32:Infinity":10,"s:33:14:33:Infinity":11,"s:34:1:34:Infinity":12,"f:37:22:37:37":3,"s:38:28:38:Infinity":13,"b:39:1:39:Infinity:undefined:undefined:undefined:undefined":0,"s:39:1:39:Infinity":14,"b:39:5:39:17:39:17:39:27":1,"s:39:27:39:Infinity":15,"s:40:14:40:Infinity":16,"s:41:1:41:Infinity":17,"f:44:22:44:33":4,"s:45:7:45:Infinity":18,"s:46:22:46:Infinity":19,"s:49:25:49:Infinity":20,"s:50:28:50:Infinity":21,"s:52:29:60:Infinity":22,"s:62:1:62:Infinity":23,"s:63:1:63:Infinity":24,"f:66:22:66:37":5,"s:68:25:68:Infinity":25,"s:70:16:74:Infinity":26,"s:75:1:75:Infinity":27,"f:78:22:78:40":6,"s:79:16:83:Infinity":28,"s:84:1:84:Infinity":29,"f:87:22:87:47":7,"s:89:21:89:Infinity":30,"b:90:1:92:Infinity:undefined:undefined:undefined:undefined":2,"s:90:1:92:Infinity":31,"s:91:2:91:Infinity":32,"s:93:1:93:Infinity":33,"f:96:22:96:43":8,"s:97:7:97:Infinity":34,"s:98:18:106:Infinity":35,"b:108:1:110:Infinity:undefined:undefined:undefined:undefined":3,"s:108:1:110:Infinity":36,"s:109:2:109:Infinity":37,"s:111:27:111:Infinity":38,"s:113:24:113:Infinity":39,"b:114:1:117:Infinity:undefined:undefined:undefined:undefined":4,"s:114:1:117:Infinity":40,"s:115:2:115:Infinity":41,"s:116:2:116:Infinity":42,"s:119:22:119:Infinity":43,"b:120:1:126:Infinity:undefined:undefined:undefined:undefined":5,"s:120:1:126:Infinity":44,"s:121:2:121:Infinity":45,"s:122:2:125:Infinity":46,"s:128:1:128:Infinity":47,"f:133:22:133:40":9,"s:134:1:134:Infinity":48,"f:137:16:137:38":10,"s:138:1:141:Infinity":49,"f:144:16:144:41":11,"s:145:1:147:Infinity":50,"f:150:22:150:33":12,"s:151:41:151:Infinity":51,"b:152:1:152:Infinity:undefined:undefined:undefined:undefined":6,"s:152:1:152:Infinity":52,"s:152:37:152:Infinity":53,"b:153:1:153:Infinity:undefined:undefined:undefined:undefined":7,"s:153:1:153:Infinity":54,"s:153:34:153:Infinity":55,"b:154:1:154:Infinity:undefined:undefined:undefined:undefined":8,"s:154:1:154:Infinity":56,"s:154:36:154:Infinity":57,"b:155:1:155:Infinity:undefined:undefined:undefined:undefined":9,"s:155:1:155:Infinity":58,"s:155:43:155:Infinity":59,"s:157:1:157:Infinity":60,"f:160:22:160:37":13,"s:161:22:161:Infinity":61,"s:162:1:162:Infinity":62,"f:165:22:165:33":14,"s:168:1:168:Infinity":63,"s:171:22:174:Infinity":64,"s:176:1:178:Infinity":65,"s:177:2:177:Infinity":66,"s:181:1:181:Infinity":67,"s:184:1:184:Infinity":68,"s:187:1:187:Infinity":69}}}
,"/Users/alitpurnama/Projects/Kuliah/RPL/Portal-Berita-PBD/src/lib/server/image-utils.ts": {"path":"/Users/alitpurnama/Projects/Kuliah/RPL/Portal-Berita-PBD/src/lib/server/image-utils.ts","statementMap":{"0":{"start":{"line":8,"column":26},"end":{"line":8,"column":null}},"1":{"start":{"line":9,"column":29},"end":{"line":9,"column":null}},"2":{"start":{"line":10,"column":34},"end":{"line":10,"column":null}},"3":{"start":{"line":24,"column":7},"end":{"line":24,"column":null}},"4":{"start":{"line":25,"column":1},"end":{"line":27,"column":null}},"5":{"start":{"line":26,"column":2},"end":{"line":26,"column":null}},"6":{"start":{"line":28,"column":1},"end":{"line":28,"column":null}},"7":{"start":{"line":35,"column":13},"end":{"line":35,"column":null}},"8":{"start":{"line":36,"column":7},"end":{"line":36,"column":null}},"9":{"start":{"line":37,"column":19},"end":{"line":37,"column":null}},"10":{"start":{"line":38,"column":1},"end":{"line":38,"column":null}},"11":{"start":{"line":45,"column":1},"end":{"line":47,"column":null}},"12":{"start":{"line":46,"column":2},"end":{"line":46,"column":null}},"13":{"start":{"line":49,"column":1},"end":{"line":51,"column":null}},"14":{"start":{"line":50,"column":2},"end":{"line":50,"column":null}},"15":{"start":{"line":53,"column":1},"end":{"line":53,"column":null}},"16":{"start":{"line":66,"column":16},"end":{"line":66,"column":null}},"17":{"start":{"line":67,"column":43},"end":{"line":67,"column":null}},"18":{"start":{"line":69,"column":5},"end":{"line":69,"column":null}},"19":{"start":{"line":72,"column":1},"end":{"line":72,"column":null}},"20":{"start":{"line":75,"column":1},"end":{"line":81,"column":null}},"21":{"start":{"line":76,"column":2},"end":{"line":76,"column":null}},"22":{"start":{"line":77,"column":1},"end":{"line":81,"column":null}},"23":{"start":{"line":78,"column":2},"end":{"line":78,"column":null}},"24":{"start":{"line":79,"column":1},"end":{"line":81,"column":null}},"25":{"start":{"line":80,"column":2},"end":{"line":80,"column":null}},"26":{"start":{"line":83,"column":1},"end":{"line":83,"column":null}},"27":{"start":{"line":95,"column":43},"end":{"line":95,"column":null}},"28":{"start":{"line":97,"column":5},"end":{"line":102,"column":null}},"29":{"start":{"line":104,"column":1},"end":{"line":110,"column":null}},"30":{"start":{"line":105,"column":2},"end":{"line":105,"column":null}},"31":{"start":{"line":106,"column":1},"end":{"line":110,"column":null}},"32":{"start":{"line":107,"column":2},"end":{"line":107,"column":null}},"33":{"start":{"line":108,"column":1},"end":{"line":110,"column":null}},"34":{"start":{"line":109,"column":2},"end":{"line":109,"column":null}},"35":{"start":{"line":112,"column":1},"end":{"line":112,"column":null}},"36":{"start":{"line":120,"column":20},"end":{"line":120,"column":null}},"37":{"start":{"line":121,"column":1},"end":{"line":123,"column":null}},"38":{"start":{"line":122,"column":2},"end":{"line":122,"column":null}},"39":{"start":{"line":126,"column":20},"end":{"line":126,"column":null}},"40":{"start":{"line":129,"column":26},"end":{"line":129,"column":null}},"41":{"start":{"line":130,"column":18},"end":{"line":130,"column":null}},"42":{"start":{"line":133,"column":24},"end":{"line":133,"column":null}},"43":{"start":{"line":134,"column":7},"end":{"line":134,"column":null}},"44":{"start":{"line":135,"column":1},"end":{"line":135,"column":null}},"45":{"start":{"line":138,"column":25},"end":{"line":141,"column":null}},"46":{"start":{"line":142,"column":7},"end":{"line":142,"column":null}},"47":{"start":{"line":143,"column":1},"end":{"line":143,"column":null}},"48":{"start":{"line":146,"column":22},"end":{"line":149,"column":null}},"49":{"start":{"line":150,"column":7},"end":{"line":150,"column":null}},"50":{"start":{"line":151,"column":1},"end":{"line":151,"column":null}},"51":{"start":{"line":154,"column":21},"end":{"line":157,"column":null}},"52":{"start":{"line":158,"column":7},"end":{"line":158,"column":null}},"53":{"start":{"line":159,"column":1},"end":{"line":159,"column":null}},"54":{"start":{"line":162,"column":1},"end":{"line":167,"column":null}},"55":{"start":{"line":174,"column":18},"end":{"line":174,"column":null}},"56":{"start":{"line":175,"column":1},"end":{"line":180,"column":null}}},"fnMap":{"0":{"name":"ensureUploadDir","decl":{"start":{"line":22,"column":15},"end":{"line":22,"column":33}},"loc":{"start":{"line":22,"column":33},"end":{"line":29,"column":null}},"line":22},"1":{"name":"generateFilename","decl":{"start":{"line":34,"column":16},"end":{"line":34,"column":33}},"loc":{"start":{"line":34,"column":63},"end":{"line":39,"column":null}},"line":34},"2":{"name":"validateImageFile","decl":{"start":{"line":44,"column":16},"end":{"line":44,"column":34}},"loc":{"start":{"line":44,"column":82},"end":{"line":54,"column":null}},"line":44},"3":{"name":"processImage","decl":{"start":{"line":59,"column":22},"end":{"line":59,"column":null}},"loc":{"start":{"line":65,"column":19},"end":{"line":84,"column":null}},"line":65},"4":{"name":"resizeImage","decl":{"start":{"line":89,"column":22},"end":{"line":89,"column":null}},"loc":{"start":{"line":94,"column":19},"end":{"line":113,"column":null}},"line":94},"5":{"name":"uploadAndOptimizeImage","decl":{"start":{"line":118,"column":22},"end":{"line":118,"column":45}},"loc":{"start":{"line":118,"column":85},"end":{"line":168,"column":null}},"line":118},"6":{"name":"getImageMetadata","decl":{"start":{"line":173,"column":22},"end":{"line":173,"column":39}},"loc":{"start":{"line":173,"column":55},"end":{"line":181,"column":null}},"line":173}},"branchMap":{"0":{"loc":{"start":{"line":25,"column":1},"end":{"line":27,"column":null}},"type":"if","locations":[{"start":{"line":25,"column":1},"end":{"line":27,"column":null}},{"start":{},"end":{}}],"line":25},"1":{"loc":{"start":{"line":35,"column":13},"end":{"line":35,"column":null}},"type":"binary-expr","locations":[{"start":{"line":35,"column":13},"end":{"line":35,"column":61}},{"start":{"line":35,"column":61},"end":{"line":35,"column":null}}],"line":35},"2":{"loc":{"start":{"line":45,"column":1},"end":{"line":47,"column":null}},"type":"if","locations":[{"start":{"line":45,"column":1},"end":{"line":47,"column":null}},{"start":{},"end":{}}],"line":45},"3":{"loc":{"start":{"line":49,"column":1},"end":{"line":51,"column":null}},"type":"if","locations":[{"start":{"line":49,"column":1},"end":{"line":51,"column":null}},{"start":{},"end":{}}],"line":49},"4":{"loc":{"start":{"line":67,"column":9},"end":{"line":67,"column":23}},"type":"default-arg","locations":[{"start":{"line":67,"column":19},"end":{"line":67,"column":23}}],"line":67},"5":{"loc":{"start":{"line":67,"column":23},"end":{"line":67,"column":39}},"type":"default-arg","locations":[{"start":{"line":67,"column":32},"end":{"line":67,"column":39}}],"line":67},"6":{"loc":{"start":{"line":67,"column":43},"end":{"line":67,"column":null}},"type":"binary-expr","locations":[{"start":{"line":67,"column":43},"end":{"line":67,"column":54}},{"start":{"line":67,"column":54},"end":{"line":67,"column":null}}],"line":67},"7":{"loc":{"start":{"line":75,"column":1},"end":{"line":81,"column":null}},"type":"if","locations":[{"start":{"line":75,"column":1},"end":{"line":81,"column":null}},{"start":{"line":77,"column":1},"end":{"line":81,"column":null}}],"line":75},"8":{"loc":{"start":{"line":77,"column":1},"end":{"line":81,"column":null}},"type":"if","locations":[{"start":{"line":77,"column":1},"end":{"line":81,"column":null}},{"start":{"line":79,"column":1},"end":{"line":81,"column":null}}],"line":77},"9":{"loc":{"start":{"line":79,"column":1},"end":{"line":81,"column":null}},"type":"if","locations":[{"start":{"line":79,"column":1},"end":{"line":81,"column":null}},{"start":{},"end":{}}],"line":79},"10":{"loc":{"start":{"line":95,"column":9},"end":{"line":95,"column":23}},"type":"default-arg","locations":[{"start":{"line":95,"column":19},"end":{"line":95,"column":23}}],"line":95},"11":{"loc":{"start":{"line":95,"column":23},"end":{"line":95,"column":39}},"type":"default-arg","locations":[{"start":{"line":95,"column":32},"end":{"line":95,"column":39}}],"line":95},"12":{"loc":{"start":{"line":95,"column":43},"end":{"line":95,"column":null}},"type":"binary-expr","locations":[{"start":{"line":95,"column":43},"end":{"line":95,"column":54}},{"start":{"line":95,"column":54},"end":{"line":95,"column":null}}],"line":95},"13":{"loc":{"start":{"line":104,"column":1},"end":{"line":110,"column":null}},"type":"if","locations":[{"start":{"line":104,"column":1},"end":{"line":110,"column":null}},{"start":{"line":106,"column":1},"end":{"line":110,"column":null}}],"line":104},"14":{"loc":{"start":{"line":106,"column":1},"end":{"line":110,"column":null}},"type":"if","locations":[{"start":{"line":106,"column":1},"end":{"line":110,"column":null}},{"start":{"line":108,"column":1},"end":{"line":110,"column":null}}],"line":106},"15":{"loc":{"start":{"line":108,"column":1},"end":{"line":110,"column":null}},"type":"if","locations":[{"start":{"line":108,"column":1},"end":{"line":110,"column":null}},{"start":{},"end":{}}],"line":108},"16":{"loc":{"start":{"line":121,"column":1},"end":{"line":123,"column":null}},"type":"if","locations":[{"start":{"line":121,"column":1},"end":{"line":123,"column":null}},{"start":{},"end":{}}],"line":121}},"s":{"0":1,"1":1,"2":1,"3":0,"4":0,"5":0,"6":0,"7":146,"8":146,"9":146,"10":146,"11":57,"12":11,"13":46,"14":25,"15":21,"16":0,"17":0,"18":0,"19":0,"20":0,"21":0,"22":0,"23":0,"24":0,"25":0,"26":0,"27":0,"28":0,"29":0,"30":0,"31":0,"32":0,"33":0,"34":0,"35":0,"36":0,"37":0,"38":0,"39":0,"40":0,"41":0,"42":0,"43":0,"44":0,"45":0,"46":0,"47":0,"48":0,"49":0,"50":0,"51":0,"52":0,"53":0,"54":0,"55":0,"56":0},"f":{"0":0,"1":146,"2":57,"3":0,"4":0,"5":0,"6":0},"b":{"0":[0,0],"1":[146,1],"2":[11,46],"3":[25,21],"4":[0],"5":[0],"6":[0,0],"7":[0,0],"8":[0,0],"9":[0,0],"10":[0],"11":[0],"12":[0,0],"13":[0,0],"14":[0,0],"15":[0,0],"16":[0,0]},"meta":{"lastBranch":17,"lastFunction":7,"lastStatement":57,"seen":{"s:8:26:8:Infinity":0,"s:9:29:9:Infinity":1,"s:10:34:10:Infinity":2,"f:22:15:22:33":0,"s:24:7:24:Infinity":3,"b:25:1:27:Infinity:undefined:undefined:undefined:undefined":0,"s:25:1:27:Infinity":4,"s:26:2:26:Infinity":5,"s:28:1:28:Infinity":6,"f:34:16:34:33":1,"s:35:13:35:Infinity":7,"b:35:13:35:61:35:61:35:Infinity":1,"s:36:7:36:Infinity":8,"s:37:19:37:Infinity":9,"s:38:1:38:Infinity":10,"f:44:16:44:34":2,"b:45:1:47:Infinity:undefined:undefined:undefined:undefined":2,"s:45:1:47:Infinity":11,"s:46:2:46:Infinity":12,"b:49:1:51:Infinity:undefined:undefined:undefined:undefined":3,"s:49:1:51:Infinity":13,"s:50:2:50:Infinity":14,"s:53:1:53:Infinity":15,"f:59:22:59:Infinity":3,"s:66:16:66:Infinity":16,"s:67:43:67:Infinity":17,"b:67:19:67:23":4,"b:67:32:67:39":5,"b:67:43:67:54:67:54:67:Infinity":6,"s:69:5:69:Infinity":18,"s:72:1:72:Infinity":19,"b:75:1:81:Infinity:77:1:81:Infinity":7,"s:75:1:81:Infinity":20,"s:76:2:76:Infinity":21,"b:77:1:81:Infinity:79:1:81:Infinity":8,"s:77:1:81:Infinity":22,"s:78:2:78:Infinity":23,"b:79:1:81:Infinity:undefined:undefined:undefined:undefined":9,"s:79:1:81:Infinity":24,"s:80:2:80:Infinity":25,"s:83:1:83:Infinity":26,"f:89:22:89:Infinity":4,"s:95:43:95:Infinity":27,"b:95:19:95:23":10,"b:95:32:95:39":11,"b:95:43:95:54:95:54:95:Infinity":12,"s:97:5:102:Infinity":28,"b:104:1:110:Infinity:106:1:110:Infinity":13,"s:104:1:110:Infinity":29,"s:105:2:105:Infinity":30,"b:106:1:110:Infinity:108:1:110:Infinity":14,"s:106:1:110:Infinity":31,"s:107:2:107:Infinity":32,"b:108:1:110:Infinity:undefined:undefined:undefined:undefined":15,"s:108:1:110:Infinity":33,"s:109:2:109:Infinity":34,"s:112:1:112:Infinity":35,"f:118:22:118:45":5,"s:120:20:120:Infinity":36,"b:121:1:123:Infinity:undefined:undefined:undefined:undefined":16,"s:121:1:123:Infinity":37,"s:122:2:122:Infinity":38,"s:126:20:126:Infinity":39,"s:129:26:129:Infinity":40,"s:130:18:130:Infinity":41,"s:133:24:133:Infinity":42,"s:134:7:134:Infinity":43,"s:135:1:135:Infinity":44,"s:138:25:141:Infinity":45,"s:142:7:142:Infinity":46,"s:143:1:143:Infinity":47,"s:146:22:149:Infinity":48,"s:150:7:150:Infinity":49,"s:151:1:151:Infinity":50,"s:154:21:157:Infinity":51,"s:158:7:158:Infinity":52,"s:159:1:159:Infinity":53,"s:162:1:167:Infinity":54,"f:173:22:173:39":6,"s:174:18:174:Infinity":55,"s:175:1:180:Infinity":56}}}
,"/Users/alitpurnama/Projects/Kuliah/RPL/Portal-Berita-PBD/src/lib/server/db/index.ts": {"path":"/Users/alitpurnama/Projects/Kuliah/RPL/Portal-Berita-PBD/src/lib/server/db/index.ts","statementMap":{"0":{"start":{"line":6,"column":0},"end":{"line":6,"column":null}},"1":{"start":{"line":6,"column":23},"end":{"line":6,"column":null}},"2":{"start":{"line":8,"column":15},"end":{"line":8,"column":null}},"3":{"start":{"line":10,"column":13},"end":{"line":10,"column":null}}},"fnMap":{},"branchMap":{"0":{"loc":{"start":{"line":6,"column":0},"end":{"line":6,"column":null}},"type":"if","locations":[{"start":{"line":6,"column":0},"end":{"line":6,"column":null}},{"start":{},"end":{}}],"line":6}},"s":{"0":1,"1":0,"2":1,"3":1},"f":{},"b":{"0":[0,1]},"meta":{"lastBranch":1,"lastFunction":0,"lastStatement":4,"seen":{"b:6:0:6:Infinity:undefined:undefined:undefined:undefined":0,"s:6:0:6:Infinity":0,"s:6:23:6:Infinity":1,"s:8:15:8:Infinity":2,"s:10:13:10:Infinity":3}}}
,"/Users/alitpurnama/Projects/Kuliah/RPL/Portal-Berita-PBD/src/lib/server/db/schema.ts": {"path":"/Users/alitpurnama/Projects/Kuliah/RPL/Portal-Berita-PBD/src/lib/server/db/schema.ts","statementMap":{"0":{"start":{"line":3,"column":13},"end":{"line":12,"column":null}},"1":{"start":{"line":14,"column":13},"end":{"line":20,"column":null}},"2":{"start":{"line":18,"column":20},"end":{"line":18,"column":27}},"3":{"start":{"line":22,"column":13},"end":{"line":37,"column":null}},"4":{"start":{"line":32,"column":20},"end":{"line":32,"column":27}},"5":{"start":{"line":39,"column":13},"end":{"line":50,"column":null}},"6":{"start":{"line":43,"column":20},"end":{"line":43,"column":30}},"7":{"start":{"line":46,"column":20},"end":{"line":46,"column":27}}},"fnMap":{"0":{"name":"(anonymous_0)","decl":{"start":{"line":18,"column":14},"end":{"line":18,"column":20}},"loc":{"start":{"line":18,"column":20},"end":{"line":18,"column":27}},"line":18},"1":{"name":"(anonymous_1)","decl":{"start":{"line":32,"column":14},"end":{"line":32,"column":20}},"loc":{"start":{"line":32,"column":20},"end":{"line":32,"column":27}},"line":32},"2":{"name":"(anonymous_2)","decl":{"start":{"line":43,"column":14},"end":{"line":43,"column":20}},"loc":{"start":{"line":43,"column":20},"end":{"line":43,"column":30}},"line":43},"3":{"name":"(anonymous_3)","decl":{"start":{"line":46,"column":14},"end":{"line":46,"column":20}},"loc":{"start":{"line":46,"column":20},"end":{"line":46,"column":27}},"line":46}},"branchMap":{},"s":{"0":1,"1":1,"2":0,"3":1,"4":0,"5":1,"6":0,"7":0},"f":{"0":0,"1":0,"2":0,"3":0},"b":{},"meta":{"lastBranch":0,"lastFunction":4,"lastStatement":8,"seen":{"s:3:13:12:Infinity":0,"s:14:13:20:Infinity":1,"f:18:14:18:20":0,"s:18:20:18:27":2,"s:22:13:37:Infinity":3,"f:32:14:32:20":1,"s:32:20:32:27":4,"s:39:13:50:Infinity":5,"f:43:14:43:20":2,"s:43:20:43:30":6,"f:46:14:46:20":3,"s:46:20:46:27":7}}}
,"/Users/alitpurnama/Projects/Kuliah/RPL/Portal-Berita-PBD/src/lib/utils/slug.ts": {"path":"/Users/alitpurnama/Projects/Kuliah/RPL/Portal-Berita-PBD/src/lib/utils/slug.ts","statementMap":{"0":{"start":{"line":5,"column":1},"end":{"line":10,"column":null}}},"fnMap":{"0":{"name":"generateSlug","decl":{"start":{"line":4,"column":16},"end":{"line":4,"column":29}},"loc":{"start":{"line":4,"column":52},"end":{"line":11,"column":null}},"line":4}},"branchMap":{},"s":{"0":193},"f":{"0":193},"b":{},"meta":{"lastBranch":0,"lastFunction":1,"lastStatement":1,"seen":{"f:4:16:4:29":0,"s:5:1:10:Infinity":0}}}
,"/Users/alitpurnama/Projects/Kuliah/RPL/Portal-Berita-PBD/src/lib/utils/validation.ts": {"path":"/Users/alitpurnama/Projects/Kuliah/RPL/Portal-Berita-PBD/src/lib/utils/validation.ts","statementMap":{"0":{"start":{"line":10,"column":27},"end":{"line":10,"column":null}},"1":{"start":{"line":11,"column":30},"end":{"line":11,"column":null}},"2":{"start":{"line":12,"column":32},"end":{"line":19,"column":null}},"3":{"start":{"line":27,"column":1},"end":{"line":29,"column":null}},"4":{"start":{"line":28,"column":2},"end":{"line":28,"column":null}},"5":{"start":{"line":30,"column":1},"end":{"line":32,"column":null}},"6":{"start":{"line":31,"column":2},"end":{"line":31,"column":null}},"7":{"start":{"line":33,"column":1},"end":{"line":33,"column":null}},"8":{"start":{"line":40,"column":1},"end":{"line":42,"column":null}},"9":{"start":{"line":41,"column":2},"end":{"line":41,"column":null}},"10":{"start":{"line":43,"column":1},"end":{"line":48,"column":null}},"11":{"start":{"line":44,"column":2},"end":{"line":47,"column":null}},"12":{"start":{"line":49,"column":1},"end":{"line":49,"column":null}},"13":{"start":{"line":56,"column":1},"end":{"line":58,"column":null}},"14":{"start":{"line":57,"column":2},"end":{"line":57,"column":null}},"15":{"start":{"line":59,"column":1},"end":{"line":61,"column":null}},"16":{"start":{"line":60,"column":2},"end":{"line":60,"column":null}},"17":{"start":{"line":62,"column":1},"end":{"line":62,"column":null}},"18":{"start":{"line":69,"column":1},"end":{"line":71,"column":null}},"19":{"start":{"line":70,"column":2},"end":{"line":70,"column":null}},"20":{"start":{"line":72,"column":1},"end":{"line":74,"column":null}},"21":{"start":{"line":73,"column":2},"end":{"line":73,"column":null}},"22":{"start":{"line":75,"column":1},"end":{"line":75,"column":null}},"23":{"start":{"line":82,"column":1},"end":{"line":84,"column":null}},"24":{"start":{"line":83,"column":2},"end":{"line":83,"column":null}},"25":{"start":{"line":85,"column":1},"end":{"line":87,"column":null}},"26":{"start":{"line":86,"column":2},"end":{"line":86,"column":null}},"27":{"start":{"line":88,"column":1},"end":{"line":88,"column":null}},"28":{"start":{"line":95,"column":1},"end":{"line":97,"column":null}},"29":{"start":{"line":96,"column":2},"end":{"line":96,"column":null}},"30":{"start":{"line":98,"column":1},"end":{"line":100,"column":null}},"31":{"start":{"line":99,"column":2},"end":{"line":99,"column":null}},"32":{"start":{"line":101,"column":1},"end":{"line":101,"column":null}},"33":{"start":{"line":108,"column":1},"end":{"line":110,"column":null}},"34":{"start":{"line":109,"column":2},"end":{"line":109,"column":null}},"35":{"start":{"line":111,"column":1},"end":{"line":111,"column":null}}},"fnMap":{"0":{"name":"validateEmail","decl":{"start":{"line":26,"column":16},"end":{"line":26,"column":30}},"loc":{"start":{"line":26,"column":63},"end":{"line":34,"column":null}},"line":26},"1":{"name":"validateUsername","decl":{"start":{"line":39,"column":16},"end":{"line":39,"column":33}},"loc":{"start":{"line":39,"column":69},"end":{"line":50,"column":null}},"line":39},"2":{"name":"validatePassword","decl":{"start":{"line":55,"column":16},"end":{"line":55,"column":33}},"loc":{"start":{"line":55,"column":69},"end":{"line":63,"column":null}},"line":55},"3":{"name":"validateArticleTitle","decl":{"start":{"line":68,"column":16},"end":{"line":68,"column":37}},"loc":{"start":{"line":68,"column":70},"end":{"line":76,"column":null}},"line":68},"4":{"name":"validateArticleContent","decl":{"start":{"line":81,"column":16},"end":{"line":81,"column":39}},"loc":{"start":{"line":81,"column":74},"end":{"line":89,"column":null}},"line":81},"5":{"name":"validateCategory","decl":{"start":{"line":94,"column":16},"end":{"line":94,"column":33}},"loc":{"start":{"line":94,"column":69},"end":{"line":102,"column":null}},"line":94},"6":{"name":"validatePasswordMatch","decl":{"start":{"line":107,"column":16},"end":{"line":107,"column":38}},"loc":{"start":{"line":107,"column":99},"end":{"line":112,"column":null}},"line":107}},"branchMap":{"0":{"loc":{"start":{"line":27,"column":1},"end":{"line":29,"column":null}},"type":"if","locations":[{"start":{"line":27,"column":1},"end":{"line":29,"column":null}},{"start":{},"end":{}}],"line":27},"1":{"loc":{"start":{"line":27,"column":5},"end":{"line":27,"column":36}},"type":"binary-expr","locations":[{"start":{"line":27,"column":5},"end":{"line":27,"column":15}},{"start":{"line":27,"column":15},"end":{"line":27,"column":36}}],"line":27},"2":{"loc":{"start":{"line":30,"column":1},"end":{"line":32,"column":null}},"type":"if","locations":[{"start":{"line":30,"column":1},"end":{"line":32,"column":null}},{"start":{},"end":{}}],"line":30},"3":{"loc":{"start":{"line":40,"column":1},"end":{"line":42,"column":null}},"type":"if","locations":[{"start":{"line":40,"column":1},"end":{"line":42,"column":null}},{"start":{},"end":{}}],"line":40},"4":{"loc":{"start":{"line":40,"column":5},"end":{"line":40,"column":42}},"type":"binary-expr","locations":[{"start":{"line":40,"column":5},"end":{"line":40,"column":18}},{"start":{"line":40,"column":18},"end":{"line":40,"column":42}}],"line":40},"5":{"loc":{"start":{"line":43,"column":1},"end":{"line":48,"column":null}},"type":"if","locations":[{"start":{"line":43,"column":1},"end":{"line":48,"column":null}},{"start":{},"end":{}}],"line":43},"6":{"loc":{"start":{"line":56,"column":1},"end":{"line":58,"column":null}},"type":"if","locations":[{"start":{"line":56,"column":1},"end":{"line":58,"column":null}},{"start":{},"end":{}}],"line":56},"7":{"loc":{"start":{"line":59,"column":1},"end":{"line":61,"column":null}},"type":"if","locations":[{"start":{"line":59,"column":1},"end":{"line":61,"column":null}},{"start":{},"end":{}}],"line":59},"8":{"loc":{"start":{"line":69,"column":1},"end":{"line":71,"column":null}},"type":"if","locations":[{"start":{"line":69,"column":1},"end":{"line":71,"column":null}},{"start":{},"end":{}}],"line":69},"9":{"loc":{"start":{"line":69,"column":5},"end":{"line":69,"column":36}},"type":"binary-expr","locations":[{"start":{"line":69,"column":5},"end":{"line":69,"column":15}},{"start":{"line":69,"column":15},"end":{"line":69,"column":36}}],"line":69},"10":{"loc":{"start":{"line":72,"column":1},"end":{"line":74,"column":null}},"type":"if","locations":[{"start":{"line":72,"column":1},"end":{"line":74,"column":null}},{"start":{},"end":{}}],"line":72},"11":{"loc":{"start":{"line":82,"column":1},"end":{"line":84,"column":null}},"type":"if","locations":[{"start":{"line":82,"column":1},"end":{"line":84,"column":null}},{"start":{},"end":{}}],"line":82},"12":{"loc":{"start":{"line":82,"column":5},"end":{"line":82,"column":40}},"type":"binary-expr","locations":[{"start":{"line":82,"column":5},"end":{"line":82,"column":17}},{"start":{"line":82,"column":17},"end":{"line":82,"column":40}}],"line":82},"13":{"loc":{"start":{"line":85,"column":1},"end":{"line":87,"column":null}},"type":"if","locations":[{"start":{"line":85,"column":1},"end":{"line":87,"column":null}},{"start":{},"end":{}}],"line":85},"14":{"loc":{"start":{"line":95,"column":1},"end":{"line":97,"column":null}},"type":"if","locations":[{"start":{"line":95,"column":1},"end":{"line":97,"column":null}},{"start":{},"end":{}}],"line":95},"15":{"loc":{"start":{"line":95,"column":5},"end":{"line":95,"column":42}},"type":"binary-expr","locations":[{"start":{"line":95,"column":5},"end":{"line":95,"column":18}},{"start":{"line":95,"column":18},"end":{"line":95,"column":42}}],"line":95},"16":{"loc":{"start":{"line":98,"column":1},"end":{"line":100,"column":null}},"type":"if","locations":[{"start":{"line":98,"column":1},"end":{"line":100,"column":null}},{"start":{},"end":{}}],"line":98},"17":{"loc":{"start":{"line":108,"column":1},"end":{"line":110,"column":null}},"type":"if","locations":[{"start":{"line":108,"column":1},"end":{"line":110,"column":null}},{"start":{},"end":{}}],"line":108}},"s":{"0":1,"1":1,"2":1,"3":35,"4":5,"5":30,"6":8,"7":22,"8":38,"9":4,"10":34,"11":13,"12":21,"13":24,"14":3,"15":21,"16":6,"17":15,"18":19,"19":3,"20":16,"21":5,"22":11,"23":20,"24":4,"25":16,"26":5,"27":11,"28":26,"29":4,"30":22,"31":8,"32":14,"33":21,"34":10,"35":11},"f":{"0":35,"1":38,"2":24,"3":19,"4":20,"5":26,"6":21},"b":{"0":[5,30],"1":[35,32],"2":[8,22],"3":[4,34],"4":[38,35],"5":[13,21],"6":[3,21],"7":[6,15],"8":[3,16],"9":[19,17],"10":[5,11],"11":[4,16],"12":[20,18],"13":[5,11],"14":[4,22],"15":[26,23],"16":[8,14],"17":[10,11]},"meta":{"lastBranch":18,"lastFunction":7,"lastStatement":36,"seen":{"s:10:27:10:Infinity":0,"s:11:30:11:Infinity":1,"s:12:32:19:Infinity":2,"f:26:16:26:30":0,"b:27:1:29:Infinity:undefined:undefined:undefined:undefined":0,"s:27:1:29:Infinity":3,"b:27:5:27:15:27:15:27:36":1,"s:28:2:28:Infinity":4,"b:30:1:32:Infinity:undefined:undefined:undefined:undefined":2,"s:30:1:32:Infinity":5,"s:31:2:31:Infinity":6,"s:33:1:33:Infinity":7,"f:39:16:39:33":1,"b:40:1:42:Infinity:undefined:undefined:undefined:undefined":3,"s:40:1:42:Infinity":8,"b:40:5:40:18:40:18:40:42":4,"s:41:2:41:Infinity":9,"b:43:1:48:Infinity:undefined:undefined:undefined:undefined":5,"s:43:1:48:Infinity":10,"s:44:2:47:Infinity":11,"s:49:1:49:Infinity":12,"f:55:16:55:33":2,"b:56:1:58:Infinity:undefined:undefined:undefined:undefined":6,"s:56:1:58:Infinity":13,"s:57:2:57:Infinity":14,"b:59:1:61:Infinity:undefined:undefined:undefined:undefined":7,"s:59:1:61:Infinity":15,"s:60:2:60:Infinity":16,"s:62:1:62:Infinity":17,"f:68:16:68:37":3,"b:69:1:71:Infinity:undefined:undefined:undefined:undefined":8,"s:69:1:71:Infinity":18,"b:69:5:69:15:69:15:69:36":9,"s:70:2:70:Infinity":19,"b:72:1:74:Infinity:undefined:undefined:undefined:undefined":10,"s:72:1:74:Infinity":20,"s:73:2:73:Infinity":21,"s:75:1:75:Infinity":22,"f:81:16:81:39":4,"b:82:1:84:Infinity:undefined:undefined:undefined:undefined":11,"s:82:1:84:Infinity":23,"b:82:5:82:17:82:17:82:40":12,"s:83:2:83:Infinity":24,"b:85:1:87:Infinity:undefined:undefined:undefined:undefined":13,"s:85:1:87:Infinity":25,"s:86:2:86:Infinity":26,"s:88:1:88:Infinity":27,"f:94:16:94:33":5,"b:95:1:97:Infinity:undefined:undefined:undefined:undefined":14,"s:95:1:97:Infinity":28,"b:95:5:95:18:95:18:95:42":15,"s:96:2:96:Infinity":29,"b:98:1:100:Infinity:undefined:undefined:undefined:undefined":16,"s:98:1:100:Infinity":30,"s:99:2:99:Infinity":31,"s:101:1:101:Infinity":32,"f:107:16:107:38":6,"b:108:1:110:Infinity:undefined:undefined:undefined:undefined":17,"s:108:1:110:Infinity":33,"s:109:2:109:Infinity":34,"s:111:1:111:Infinity":35}}}
}
